Build started 4/30/2012 2:56:25 PM.
     1>Project "C:\Users\Beth\Documents\School Stuff\Junior Year\Game Architecture\sculptor\sculptor\sculptor.vcxproj" on node 2 (build target(s)).
     1>InitializeBuildStatus:
         Creating "Debug\sculptor.unsuccessfulbuild" because "AlwaysCreate" was specified.
       ClCompile:
         C:\Program Files (x86)\Microsoft Visual Studio 10.0\VC\bin\CL.exe /c /I"C:\Program Files\glew-1.7.0\lib" /ZI /nologo /W3 /WX- /Od /Oy- /D SFML_DYNAMIC /D _MBCS /Gm /EHsc /RTC1 /MDd /GS /fp:precise /Zc:wchar_t /Zc:forScope /Fo"Debug\\" /Fd"Debug\vc100.pdb" /Gd /TP /analyze- /errorReport:prompt main.cpp
         main.cpp
     1>c:\users\beth\documents\school stuff\junior year\game architecture\sculptor\sculptor\camera.h(122): warning C4305: 'initializing' : truncation from 'double' to 'const float'
     1>c:\users\beth\documents\school stuff\junior year\game architecture\sculptor\sculptor\openglobject.h(21): warning C4305: 'initializing' : truncation from 'double' to 'const float'
       Link:
         C:\Program Files (x86)\Microsoft Visual Studio 10.0\VC\bin\link.exe /ERRORREPORT:PROMPT /OUT:"C:\Users\Beth\Documents\School Stuff\Junior Year\Game Architecture\sculptor\Debug\sculptor.exe" /NOLOGO /LIBPATH:"C:\Program Files\glm" /LIBPATH:"C:\Program Files\glew-1.7.0\lib" "sfml-system-d.lib" "sfml-main-d.lib" "sfml-graphics-d.lib" "sfml-audio-d.lib" "sfml-network-d.lib" "sfml-window-d.lib" glew32.lib opengl32.lib glu32.lib kernel32.lib user32.lib gdi32.lib winspool.lib comdlg32.lib advapi32.lib shell32.lib ole32.lib oleaut32.lib uuid.lib odbc32.lib odbccp32.lib /MANIFEST /ManifestFile:"Debug\sculptor.exe.intermediate.manifest" /MANIFESTUAC:"level='asInvoker' uiAccess='false'" /DEBUG /PDB:"C:\Users\Beth\Documents\School Stuff\Junior Year\Game Architecture\sculptor\Debug\sculptor.pdb" /SUBSYSTEM:CONSOLE /TLBID:1 /DYNAMICBASE /NXCOMPAT /IMPLIB:"C:\Users\Beth\Documents\School Stuff\Junior Year\Game Architecture\sculptor\Debug\sculptor.lib" /MACHINE:X86 Debug\main.obj
         LINK : C:\Users\Beth\Documents\School Stuff\Junior Year\Game Architecture\sculptor\Debug\sculptor.exe not found or not built by the last incremental link; performing full link
         sculptor.vcxproj -> C:\Users\Beth\Documents\School Stuff\Junior Year\Game Architecture\sculptor\Debug\sculptor.exe
       Manifest:
         C:\Program Files (x86)\Microsoft SDKs\Windows\v7.0A\bin\mt.exe /nologo /verbose /outputresource:"C:\Users\Beth\Documents\School Stuff\Junior Year\Game Architecture\sculptor\Debug\sculptor.exe;#1" /manifest Debug\sculptor.exe.intermediate.manifest
       FinalizeBuildStatus:
         Deleting file "Debug\sculptor.unsuccessfulbuild".
         Touching "Debug\sculptor.lastbuildstate".
     1>Done Building Project "C:\Users\Beth\Documents\School Stuff\Junior Year\Game Architecture\sculptor\sculptor\sculptor.vcxproj" (build target(s)).

Build succeeded.

Time Elapsed 00:00:06.24
