Build started 10/14/2011 4:49:59 PM.
     1>Project "C:\repo\SFML-Tutorial-Series\codewords\codewords64\codewords64\codewords64.vcxproj" on node 2 (build target(s)).
     1>InitializeBuildStatus:
         Touching "Debug\codewords64.unsuccessfulbuild".
       ClCompile:
         All outputs are up-to-date.
         C:\Program Files (x86)\Microsoft Visual Studio 10.0\VC\bin\CL.exe /c /I"C:\SFML-1.6\include" /ZI /nologo /W3 /WX- /Od /Oy- /D SFML_DYNAMIC /D WIN32 /D _DEBUG /D _CONSOLE /D _UNICODE /D UNICODE /Gm /EHsc /RTC1 /MDd /GS /fp:precise /Zc:wchar_t /Zc:forScope /Fo"Debug\\" /Fd"Debug\vc100.pdb" /Gd /TP /analyze- /errorReport:prompt ..\..\codewords\main.cpp
         main.cpp
       ManifestResourceCompile:
         All outputs are up-to-date.
       Link:
         C:\Program Files (x86)\Microsoft Visual Studio 10.0\VC\bin\link.exe /ERRORREPORT:PROMPT /OUT:"C:\repo\SFML-Tutorial-Series\codewords\codewords64\Debug\codewords64.exe" /INCREMENTAL /NOLOGO /LIBPATH:"C:\SFML-1.6\lib" "sfml-system-d.lib" "sfml-main-d.lib" "sfml-graphics-d.lib" "sfml-audio-d.lib" "sfml-network-d.lib" "sfml-window-d.lib" kernel32.lib user32.lib gdi32.lib winspool.lib comdlg32.lib advapi32.lib shell32.lib ole32.lib oleaut32.lib uuid.lib odbc32.lib odbccp32.lib /MANIFEST /ManifestFile:"Debug\codewords64.exe.intermediate.manifest" /MANIFESTUAC:"level='asInvoker' uiAccess='false'" /DEBUG /PDB:"C:\repo\SFML-Tutorial-Series\codewords\codewords64\Debug\codewords64.pdb" /SUBSYSTEM:CONSOLE /TLBID:1 /DYNAMICBASE /NXCOMPAT /IMPLIB:"C:\repo\SFML-Tutorial-Series\codewords\codewords64\Debug\codewords64.lib" /MACHINE:X86 Debug\codewords64.exe.embed.manifest.res
         Debug\main.obj
       Manifest:
         C:\Program Files (x86)\Microsoft SDKs\Windows\v7.0A\bin\mt.exe /nologo /verbose /out:"Debug\codewords64.exe.embed.manifest" /manifest Debug\codewords64.exe.intermediate.manifest
         C:\Program Files (x86)\Microsoft SDKs\Windows\v7.0A\bin\rc.exe /nologo /fo"Debug\codewords64.exe.embed.manifest.res" Debug\codewords64_manifest.rc 
       LinkEmbedManifest:
         C:\Program Files (x86)\Microsoft Visual Studio 10.0\VC\bin\link.exe /ERRORREPORT:PROMPT /OUT:"C:\repo\SFML-Tutorial-Series\codewords\codewords64\Debug\codewords64.exe" /INCREMENTAL /NOLOGO /LIBPATH:"C:\SFML-1.6\lib" "sfml-system-d.lib" "sfml-main-d.lib" "sfml-graphics-d.lib" "sfml-audio-d.lib" "sfml-network-d.lib" "sfml-window-d.lib" kernel32.lib user32.lib gdi32.lib winspool.lib comdlg32.lib advapi32.lib shell32.lib ole32.lib oleaut32.lib uuid.lib odbc32.lib odbccp32.lib /MANIFEST /ManifestFile:"Debug\codewords64.exe.intermediate.manifest" /MANIFESTUAC:"level='asInvoker' uiAccess='false'" /DEBUG /PDB:"C:\repo\SFML-Tutorial-Series\codewords\codewords64\Debug\codewords64.pdb" /SUBSYSTEM:CONSOLE /TLBID:1 /DYNAMICBASE /NXCOMPAT /IMPLIB:"C:\repo\SFML-Tutorial-Series\codewords\codewords64\Debug\codewords64.lib" /MACHINE:X86 Debug\codewords64.exe.embed.manifest.res
         Debug\main.obj
         codewords64.vcxproj -> C:\repo\SFML-Tutorial-Series\codewords\codewords64\Debug\codewords64.exe
       FinalizeBuildStatus:
         Deleting file "Debug\codewords64.unsuccessfulbuild".
         Touching "Debug\codewords64.lastbuildstate".
     1>Done Building Project "C:\repo\SFML-Tutorial-Series\codewords\codewords64\codewords64\codewords64.vcxproj" (build target(s)).

Build succeeded.

Time Elapsed 00:00:02.92
